<?xml version="1.0" encoding="UTF-8"?>
<!-- Generated by org.testng.reporters.JUnitReportReporter -->
<testsuite hostname="Ragavi" failures="0" tests="1" name="cucumber.TestNGTestRunner" time="8.626" errors="0" timestamp="2024-03-01T19:50:39 IST" skipped="0">
  <testcase classname="cucumber.TestNGTestRunner" name="runScenario" time="8.626"/>
</testsuite> <!-- cucumber.TestNGTestRunner -->
