<?xml version="1.0" encoding="UTF-8"?>
<!-- Generated by org.testng.reporters.JUnitReportReporter -->
<testsuite hostname="Ragavi" failures="0" tests="2" name="selenium.Tests.ShoppingTest" time="25.612" errors="0" timestamp="2024-02-29T17:40:28 IST" skipped="0">
  <testcase classname="selenium.Tests.ShoppingTest" name="submitOrder" time="15.371"/>
  <testcase classname="selenium.Tests.ShoppingTest" name="submitOrder" time="10.241"/>
</testsuite> <!-- selenium.Tests.ShoppingTest -->
